#
# There is insufficient memory for the Java Runtime Environment to continue.
# Native memory allocation (malloc) failed to allocate 1048576 bytes for AllocateHeap
# Possible reasons:
#   The system is out of physical RAM or swap space
#   The process is running with CompressedOops enabled, and the Java Heap may be blocking the growth of the native heap
# Possible solutions:
#   Reduce memory load on the system
#   Increase physical memory or swap space
#   Check if swap backing store is full
#   Decrease Java heap size (-Xmx/-Xms)
#   Decrease number of Java threads
#   Decrease Java thread stack sizes (-Xss)
#   Set larger code cache with -XX:ReservedCodeCacheSize=
#   JVM is running with Unscaled Compressed Oops mode in which the Java heap is
#     placed in the first 4GB address space. The Java Heap base address is the
#     maximum limit for the native heap growth. Please use -XX:HeapBaseMinAddress
#     to set the Java Heap base and to place the Java Heap above 4GB virtual address.
# This output file may be truncated or incomplete.
#
#  Out of Memory Error (memory/allocation.inline.hpp:61), pid=5632, tid=0x0000000000000ffc
#
# JRE version:  (8.0_231-b11) (build )
# Java VM: Java HotSpot(TM) 64-Bit Server VM (25.231-b11 mixed mode windows-amd64 compressed oops)
# Failed to write core dump. Minidumps are not enabled by default on client versions of Windows
#

---------------  T H R E A D  ---------------

Current thread (0x000000000257d800):  JavaThread "Unknown thread" [_thread_in_vm, id=4092, stack(0x0000000002710000,0x0000000002810000)]

Stack: [0x0000000002710000,0x0000000002810000]
[error occurred during error reporting (printing stack bounds), id 0xc0000005]

Native frames: (J=compiled Java code, j=interpreted, Vv=VM code, C=native code)


---------------  P R O C E S S  ---------------

Java Threads: ( => current thread )

Other Threads:

=>0x000000000257d800 (exited) JavaThread "Unknown thread" [_thread_in_vm, id=4092, stack(0x0000000002710000,0x0000000002810000)]

VM state:not at safepoint (normal execution)

VM Mutex/Monitor currently owned by a thread: None

heap address: 0x0000000090800000, size: 1784 MB, Compressed Oops mode: 32-bit
Narrow klass base: 0x0000000000000000, Narrow klass shift: 3
Compressed class space size: 1073741824 Address: 0x0000000100000000

Heap:
 PSYoungGen      total 33280K, used 573K [0x00000000dad80000, 0x00000000dd280000, 0x0000000100000000)
  eden space 28672K, 2% used [0x00000000dad80000,0x00000000dae0f5d0,0x00000000dc980000)
  from space 4608K, 0% used [0x00000000dce00000,0x00000000dce00000,0x00000000dd280000)
  to   space 4608K, 0% used [0x00000000dc980000,0x00000000dc980000,0x00000000dce00000)
 ParOldGen       total 76800K, used 0K [0x0000000090800000, 0x0000000095300000, 0x00000000dad80000)
  object space 76800K, 0% used [0x0000000090800000,0x0000000090800000,0x0000000095300000)
 Metaspace       used 752K, capacity 4480K, committed 4480K, reserved 1056768K
  class space    used 76K, capacity 384K, committed 384K, reserved 1048576K

Card table byte_map: [0x0000000011cd0000,0x0000000012050000] byte_map_base: 0x000000001184c000

Marking Bits: (ParMarkBitMap*) 0x0000000072766d90
 Begin Bits: [0x00000000126b0000, 0x0000000014290000)
 End Bits:   [0x0000000014290000, 0x0000000015e70000)

Polling page: 0x0000000000ee0000

CodeCache: size=245760Kb used=327Kb max_used=327Kb free=245432Kb
 bounds [0x0000000002910000, 0x0000000002b80000, 0x0000000011910000]
 total_blobs=57 nmethods=0 adapters=38
 compilation: enabled

Compilation events (0 events):
No events

GC Heap History (0 events):
No events

Deoptimization events (0 events):
No events

Classes redefined (0 events):
No events

Internal exceptions (0 events):
No events

Events (10 events):
Event: 0.261 loading class java/lang/Short
Event: 0.261 loading class java/lang/Short done
Event: 0.261 loading class java/lang/Integer
Event: 0.261 loading class java/lang/Integer done
Event: 0.261 loading class java/lang/Long
Event: 0.262 loading class java/lang/Long done
Event: 0.264 loading class java/lang/NullPointerException
Event: 0.264 loading class java/lang/NullPointerException done
Event: 0.264 loading class java/lang/ArithmeticException
Event: 0.264 loading class java/lang/ArithmeticException done


Dynamic libraries:
0x00007ff7a4da0000 - 0x00007ff7a4dd7000 	C:\Program Files\Java\jre1.8.0_231\bin\javaw.exe
0x00007ffa52c80000 - 0x00007ffa52e41000 	C:\Windows\SYSTEM32\ntdll.dll
0x00007ffa528c0000 - 0x00007ffa5296d000 	C:\Windows\system32\KERNEL32.DLL
0x00007ffa4ff40000 - 0x00007ffa5011d000 	C:\Windows\system32\KERNELBASE.dll
0x00007ffa524a0000 - 0x00007ffa52546000 	C:\Windows\system32\ADVAPI32.dll
0x00007ffa50ac0000 - 0x00007ffa50b5d000 	C:\Windows\system32\msvcrt.dll
0x00007ffa52560000 - 0x00007ffa525bb000 	C:\Windows\system32\sechost.dll
0x00007ffa525c0000 - 0x00007ffa526e6000 	C:\Windows\system32\RPCRT4.dll
0x00007ffa52ad0000 - 0x00007ffa52c1e000 	C:\Windows\system32\USER32.dll
0x00007ffa50de0000 - 0x00007ffa50f66000 	C:\Windows\system32\GDI32.dll
0x00007ffa3eb70000 - 0x00007ffa3ede4000 	C:\Windows\WinSxS\amd64_microsoft.windows.common-controls_6595b64144ccf1df_6.0.10240.16384_none_f41f7b285750ef43\COMCTL32.dll
0x00007ffa50350000 - 0x00007ffa50386000 	C:\Windows\system32\IMM32.DLL
0x00007ffa526f0000 - 0x00007ffa5284c000 	C:\Windows\system32\MSCTF.dll
0x0000000072ea0000 - 0x0000000072f72000 	C:\Program Files\Java\jre1.8.0_231\bin\msvcr100.dll
0x0000000071f40000 - 0x00000000727e6000 	C:\Program Files\Java\jre1.8.0_231\bin\server\jvm.dll
0x00007ffa52550000 - 0x00007ffa52558000 	C:\Windows\system32\PSAPI.DLL
0x00007ffa42fc0000 - 0x00007ffa42fc9000 	C:\Windows\SYSTEM32\WSOCK32.dll
0x00007ffa4d800000 - 0x00007ffa4d823000 	C:\Windows\SYSTEM32\WINMM.dll
0x00007ffa4ce80000 - 0x00007ffa4ce8a000 	C:\Windows\SYSTEM32\VERSION.dll
0x00007ffa52a60000 - 0x00007ffa52ac9000 	C:\Windows\system32\WS2_32.dll
0x00007ffa52a50000 - 0x00007ffa52a58000 	C:\Windows\system32\NSI.dll
0x00007ffa4d7d0000 - 0x00007ffa4d7fc000 	C:\Windows\SYSTEM32\WINMMBASE.dll
0x00007ffa4f750000 - 0x00007ffa4f794000 	C:\Windows\system32\cfgmgr32.dll
0x00007ffa4e020000 - 0x00007ffa4e047000 	C:\Windows\SYSTEM32\DEVOBJ.dll
0x00007ffa4d830000 - 0x00007ffa4d83f000 	C:\Program Files\Java\jre1.8.0_231\bin\verify.dll
0x00007ffa4caa0000 - 0x00007ffa4cac9000 	C:\Program Files\Java\jre1.8.0_231\bin\java.dll
0x00007ffa4ca80000 - 0x00007ffa4ca96000 	C:\Program Files\Java\jre1.8.0_231\bin\zip.dll

VM Arguments:
jvm_args: -Dfile.encoding=Cp1252 
java_command: Program
java_class_path (initial): C:\Users\USER\github.com\BhuvanaJothivel\WebApplication.git\sample\bin
Launcher Type: SUN_STANDARD

Environment Variables:
PATH=C:/Program Files/Java/jre1.8.0_231/bin/server;C:/Program Files/Java/jre1.8.0_231/bin;C:/Program Files/Java/jre1.8.0_231/lib/amd64;C:\oraclexe\app\oracle\product\11.2.0\server\bin;;C:\Program Files (x86)\Common Files\Oracle\Java\javapath;C:\Windows\system32;C:\Windows;C:\Windows\System32\Wbem;C:\Windows\System32\WindowsPowerShell\v1.0\;C:\Program Files\Common Files\Autodesk Shared\;C:\Program Files\Git\cmd;C:\Program Files\nodejs\;C:\Program Files\Java\jdk-11.0.5\bin;C:\Users\USER\AppData\Roaming\npm;C:\Users\USER\AppData\Local\Programs\Microsoft VS Code\bin;C:\Users\USER\eclipse\eclipse;
USERNAME=Bhuvana
OS=Windows_NT
PROCESSOR_IDENTIFIER=AMD64 Family 22 Model 48 Stepping 1, AuthenticAMD



---------------  S Y S T E M  ---------------

OS: Windows 10.0 , 64 bit Build 10240 (10.0.10240.16384)

CPU:total 4 (initial active 4) (4 cores per cpu, 1 threads per core) family 22 model 48 stepping 1, cmov, cx8, fxsr, mmx, sse, sse2, sse3, ssse3, sse4.1, sse4.2, popcnt, avx, aes, clmul, mmxext, 3dnowpref, lzcnt, sse4a, tsc, tscinvbit, tscinv, bmi1

Memory: 4k page, physical 7303540k(1807664k free), swap 29323636k(6452k free)

vm_info: Java HotSpot(TM) 64-Bit Server VM (25.231-b11) for windows-amd64 JRE (1.8.0_231-b11), built on Oct  5 2019 03:11:30 by "java_re" with MS VC++ 10.0 (VS2010)

time: Tue Mar 03 00:29:29 2020
timezone: India Standard Time
elapsed time: 0 seconds (0d 0h 0m 0s)

